<?xml version="1.0" encoding="UTF-8"?>
<!-- Generated by org.testng.reporters.JUnitReportReporter -->
<testsuite skipped="0" hostname="DESKTOP-H5EGRJF" name="com.api.test.decks.testng_Json" tests="1" failures="0" timestamp="2020-06-25T08:27:51 CDT" time="1.208" errors="0">
  <testcase name="test1" time="1.208" classname="com.api.test.decks.testng_Json"/>
</testsuite> <!-- com.api.test.decks.testng_Json -->
