<?xml version="1.0" encoding="UTF-8"?>
<!-- Generated by org.testng.reporters.JUnitReportReporter -->
<testsuite skipped="0" hostname="DESKTOP-H5EGRJF" name="LibaryAPI.StaticJson" tests="1" failures="0" timestamp="2020-06-26T08:21:09 CDT" time="3.376" errors="0">
  <testcase name="addBook" time="3.376" classname="LibaryAPI.StaticJson"/>
</testsuite> <!-- LibaryAPI.StaticJson -->
